The following modules were not unloaded:
  (Use "module --force purge" to unload all):

  1) CCconfig         4) imkl/2020.1.217    7) libfabric/1.10.1
  2) gentoo/2020      5) intel/2020.1.217   8) openmpi/4.0.3
  3) gcccore/.9.3.0   6) ucx/1.8.0          9) StdEnv/2020

Lmod is automatically replacing "intel/2020.1.217" with "gcc/9.3.0".


Due to MODULEPATH changes, the following have been reloaded:
  1) libfabric/1.10.1     2) openmpi/4.0.3     3) ucx/1.8.0

The environment has already been set by the module.
Not making any changes.
The environment has already been set by the module.
Not making any changes.
-I: Adding /cvmfs/restricted.computecanada.ca/easybuild/software/2020/avx2/MPI/gcc9/cuda11.4/openmpi4/amber/20.12-20.15/dat/leap/prep to search path.
-I: Adding /cvmfs/restricted.computecanada.ca/easybuild/software/2020/avx2/MPI/gcc9/cuda11.4/openmpi4/amber/20.12-20.15/dat/leap/lib to search path.
-I: Adding /cvmfs/restricted.computecanada.ca/easybuild/software/2020/avx2/MPI/gcc9/cuda11.4/openmpi4/amber/20.12-20.15/dat/leap/parm to search path.
-I: Adding /cvmfs/restricted.computecanada.ca/easybuild/software/2020/avx2/MPI/gcc9/cuda11.4/openmpi4/amber/20.12-20.15/dat/leap/cmd to search path.
-f: Source PPO..

Welcome to LEaP!
(no leaprc in search path)

Error: Could not open file PPO.: not found
-I: Adding /cvmfs/restricted.computecanada.ca/easybuild/software/2020/avx2/MPI/gcc9/cuda11.4/openmpi4/amber/20.12-20.15/dat/leap/prep to search path.
-I: Adding /cvmfs/restricted.computecanada.ca/easybuild/software/2020/avx2/MPI/gcc9/cuda11.4/openmpi4/amber/20.12-20.15/dat/leap/lib to search path.
-I: Adding /cvmfs/restricted.computecanada.ca/easybuild/software/2020/avx2/MPI/gcc9/cuda11.4/openmpi4/amber/20.12-20.15/dat/leap/parm to search path.
-I: Adding /cvmfs/restricted.computecanada.ca/easybuild/software/2020/avx2/MPI/gcc9/cuda11.4/openmpi4/amber/20.12-20.15/dat/leap/cmd to search path.
-f: Source VRT.in.

Welcome to LEaP!
(no leaprc in search path)
Sourcing: ./VRT.in
----- Source: /cvmfs/restricted.computecanada.ca/easybuild/software/2020/avx2/MPI/gcc9/cuda11.4/openmpi4/amber/20.12-20.15/dat/leap/cmd/leaprc.gaff
----- Source of /cvmfs/restricted.computecanada.ca/easybuild/software/2020/avx2/MPI/gcc9/cuda11.4/openmpi4/amber/20.12-20.15/dat/leap/cmd/leaprc.gaff done
Log file: ./leap.log
Loading parameters: /cvmfs/restricted.computecanada.ca/easybuild/software/2020/avx2/MPI/gcc9/cuda11.4/openmpi4/amber/20.12-20.15/dat/leap/parm/gaff.dat
Reading title:
AMBER General Force Field for organic molecules (Version 1.81, May 2017)
Loading Mol2 file: ../ligand_files/VRT.mol2
Reading MOLECULE named vert8
Loading parameters: ../ligand_files/VRT.frcmod
Reading force field modification type file (frcmod)
Reading title:
Remark line goes here
Building topology.
Building atom parameters.
	Quit

Exiting LEaP: Errors = 0; Warnings = 0; Notes = 0.
-I: Adding /cvmfs/restricted.computecanada.ca/easybuild/software/2020/avx2/MPI/gcc9/cuda11.4/openmpi4/amber/20.12-20.15/dat/leap/prep to search path.
-I: Adding /cvmfs/restricted.computecanada.ca/easybuild/software/2020/avx2/MPI/gcc9/cuda11.4/openmpi4/amber/20.12-20.15/dat/leap/lib to search path.
-I: Adding /cvmfs/restricted.computecanada.ca/easybuild/software/2020/avx2/MPI/gcc9/cuda11.4/openmpi4/amber/20.12-20.15/dat/leap/parm to search path.
-I: Adding /cvmfs/restricted.computecanada.ca/easybuild/software/2020/avx2/MPI/gcc9/cuda11.4/openmpi4/amber/20.12-20.15/dat/leap/cmd to search path.
-f: Source complex.in.

Welcome to LEaP!
(no leaprc in search path)
Sourcing: ./complex.in
----- Source: /cvmfs/restricted.computecanada.ca/easybuild/software/2020/avx2/MPI/gcc9/cuda11.4/openmpi4/amber/20.12-20.15/dat/leap/cmd/leaprc.protein.ff14SB
----- Source of /cvmfs/restricted.computecanada.ca/easybuild/software/2020/avx2/MPI/gcc9/cuda11.4/openmpi4/amber/20.12-20.15/dat/leap/cmd/leaprc.protein.ff14SB done
Log file: ./leap.log
Loading parameters: /cvmfs/restricted.computecanada.ca/easybuild/software/2020/avx2/MPI/gcc9/cuda11.4/openmpi4/amber/20.12-20.15/dat/leap/parm/parm10.dat
Reading title:
PARM99 + frcmod.ff99SB + frcmod.parmbsc0 + OL3 for RNA
Loading parameters: /cvmfs/restricted.computecanada.ca/easybuild/software/2020/avx2/MPI/gcc9/cuda11.4/openmpi4/amber/20.12-20.15/dat/leap/parm/frcmod.ff14SB
Reading force field modification type file (frcmod)
Reading title:
ff14SB protein backbone and sidechain parameters
Loading library: /cvmfs/restricted.computecanada.ca/easybuild/software/2020/avx2/MPI/gcc9/cuda11.4/openmpi4/amber/20.12-20.15/dat/leap/lib/amino12.lib
Loading library: /cvmfs/restricted.computecanada.ca/easybuild/software/2020/avx2/MPI/gcc9/cuda11.4/openmpi4/amber/20.12-20.15/dat/leap/lib/aminoct12.lib
Loading library: /cvmfs/restricted.computecanada.ca/easybuild/software/2020/avx2/MPI/gcc9/cuda11.4/openmpi4/amber/20.12-20.15/dat/leap/lib/aminont12.lib
----- Source: /cvmfs/restricted.computecanada.ca/easybuild/software/2020/avx2/MPI/gcc9/cuda11.4/openmpi4/amber/20.12-20.15/dat/leap/cmd/leaprc.gaff
----- Source of /cvmfs/restricted.computecanada.ca/easybuild/software/2020/avx2/MPI/gcc9/cuda11.4/openmpi4/amber/20.12-20.15/dat/leap/cmd/leaprc.gaff done
Log file: ./leap.log
Loading parameters: /cvmfs/restricted.computecanada.ca/easybuild/software/2020/avx2/MPI/gcc9/cuda11.4/openmpi4/amber/20.12-20.15/dat/leap/parm/gaff.dat
Reading title:
AMBER General Force Field for organic molecules (Version 1.81, May 2017)
----- Source: /cvmfs/restricted.computecanada.ca/easybuild/software/2020/avx2/MPI/gcc9/cuda11.4/openmpi4/amber/20.12-20.15/dat/leap/cmd/leaprc.water.tip3p
----- Source of /cvmfs/restricted.computecanada.ca/easybuild/software/2020/avx2/MPI/gcc9/cuda11.4/openmpi4/amber/20.12-20.15/dat/leap/cmd/leaprc.water.tip3p done
Loading library: /cvmfs/restricted.computecanada.ca/easybuild/software/2020/avx2/MPI/gcc9/cuda11.4/openmpi4/amber/20.12-20.15/dat/leap/lib/atomic_ions.lib
Loading library: /cvmfs/restricted.computecanada.ca/easybuild/software/2020/avx2/MPI/gcc9/cuda11.4/openmpi4/amber/20.12-20.15/dat/leap/lib/solvents.lib
Loading parameters: /cvmfs/restricted.computecanada.ca/easybuild/software/2020/avx2/MPI/gcc9/cuda11.4/openmpi4/amber/20.12-20.15/dat/leap/parm/frcmod.tip3p
Reading force field modification type file (frcmod)
Reading title:
This is the additional/replacement parameter set for TIP3P water
Loading parameters: /cvmfs/restricted.computecanada.ca/easybuild/software/2020/avx2/MPI/gcc9/cuda11.4/openmpi4/amber/20.12-20.15/dat/leap/parm/frcmod.ions1lm_126_tip3p
Reading force field modification type file (frcmod)
Reading title:
Li/Merz ion parameters of monovalent ions for TIP3P water model (12-6 normal usage set)
Loading parameters: /cvmfs/restricted.computecanada.ca/easybuild/software/2020/avx2/MPI/gcc9/cuda11.4/openmpi4/amber/20.12-20.15/dat/leap/parm/frcmod.ionsjc_tip3p
Reading force field modification type file (frcmod)
Reading title:
Monovalent ion parameters for Ewald and TIP3P water from Joung & Cheatham JPCB (2008)
Loading parameters: /cvmfs/restricted.computecanada.ca/easybuild/software/2020/avx2/MPI/gcc9/cuda11.4/openmpi4/amber/20.12-20.15/dat/leap/parm/frcmod.ions234lm_126_tip3p
Reading force field modification type file (frcmod)
Reading title:
Li/Merz ion parameters of divalent to tetravalent ions for TIP3P water model (12-6 normal usage set)
Loading parameters: ../ligand_files/PPO.frcmod
Reading force field modification type file (frcmod)
Reading title:
Remark line goes here
Loading parameters: ../ligand_files/VRT.frcmod
Reading force field modification type file (frcmod)
Reading title:
Remark line goes here
Loading library: ../ligand_files/PPO.lib
Loading library: ../ligand_files/VRT.lib
Loading PDB file: ../TXS-vert8_start.pdb
 (starting new molecule for chain A)
  total atoms in file: 12607
Adding 22 counter ions to "complex" using 1A grid
Grid extends from solute vdw + 3.89  to  9.99
Resolution:      1.00 Angstrom.
 (no solvent present)
Calculating grid charges
Placed Na+ in complex at (56.02, 12.08, 87.07).
Placed Na+ in complex at (60.02, 35.08, 58.07).
Placed Na+ in complex at (68.02, -9.92, 72.07).
Placed Na+ in complex at (24.02, 47.08, 60.07).
Placed Na+ in complex at (68.02, 7.08, 79.07).
Placed Na+ in complex at (34.02, 19.08, 92.07).
Placed Na+ in complex at (54.02, 49.08, 73.07).
Placed Na+ in complex at (45.02, 1.08, 34.07).
Placed Na+ in complex at (41.02, 75.08, 45.07).
Placed Na+ in complex at (60.02, 72.08, 37.07).
Placed Na+ in complex at (32.02, 1.08, 102.07).
Placed Na+ in complex at (57.02, 32.08, 66.07).
Placed Na+ in complex at (24.02, -14.92, 67.07).
Placed Na+ in complex at (63.02, -2.92, 65.07).
Placed Na+ in complex at (12.02, 45.08, 46.07).
Placed Na+ in complex at (44.02, -27.92, 83.07).
Placed Na+ in complex at (59.02, 11.08, 33.07).
Placed Na+ in complex at (17.02, 25.08, 74.07).
Placed Na+ in complex at (38.02, -5.92, 58.07).
Placed Na+ in complex at (29.02, 57.08, 69.07).
Placed Na+ in complex at (54.02, 55.08, 26.07).
Placed Na+ in complex at (47.02, -3.92, 102.07).

Done adding ions.
Scaling up box by a factor of 1.135485 to meet diagonal cut criterion
  Solute vdw bounding box:              58.560 117.967 72.277
  Total bounding box for atom centers:  140.677 140.677 140.677
      (box expansion for 'iso' is 156.4%)
  Solvent unit box:                     18.774 18.774 18.774
  Volume: 1421890.238 A^3 (oct)
  Total mass 793038.325 amu,  Density 0.926 g/cc
  Added 38966 residues.
Adding 256 counter ions to "complex". 38710 solvent molecules will remain.
0: Placed Na+ in complex at (-3.84, -61.44, 30.03).
Placed Cl- in complex at (34.46, 14.98, 5.37).
0: Placed Na+ in complex at (57.14, -14.46, 9.13).
Placed Cl- in complex at (-22.93, 26.12, -13.24).
0: Placed Na+ in complex at (-47.81, 6.15, 35.48).
Placed Cl- in complex at (-55.09, 6.59, -9.85).
0: Placed Na+ in complex at (4.74, 64.63, 17.43).
Placed Cl- in complex at (36.22, -3.13, 20.18).
0: Placed Na+ in complex at (-33.90, 2.43, -16.18).
Placed Cl- in complex at (7.10, 16.29, 44.61).
0: Placed Na+ in complex at (50.55, -8.58, 27.85).
Placed Cl- in complex at (36.22, 19.86, 6.90).
0: Placed Na+ in complex at (-44.53, -23.04, -18.03).
Placed Cl- in complex at (0.13, -48.40, -26.33).
0: Placed Na+ in complex at (-9.47, -11.90, -48.13).
Placed Cl- in complex at (-14.77, 8.96, -29.02).
0: Placed Na+ in complex at (9.05, -19.95, 61.75).
Placed Cl- in complex at (-34.77, 36.57, 2.54).
0: Placed Na+ in complex at (-36.45, -21.69, 24.08).
Placed Cl- in complex at (-25.61, -52.35, -2.47).
0: Placed Na+ in complex at (51.10, 16.77, -41.04).
Placed Cl- in complex at (28.78, -22.03, -48.32).
0: Placed Na+ in complex at (-16.35, -20.46, -23.10).
Placed Cl- in complex at (-7.40, 29.83, -39.53).
0: Placed Na+ in complex at (-58.46, 27.76, 27.28).
Placed Cl- in complex at (-36.33, -24.04, 42.28).
0: Placed Na+ in complex at (26.43, -23.52, 13.70).
Placed Cl- in complex at (-15.69, 38.79, 6.28).
0: Placed Na+ in complex at (-6.09, -35.72, 44.55).
Placed Cl- in complex at (-9.98, -66.73, 0.33).
0: Placed Na+ in complex at (42.30, -26.44, -20.83).
Placed Cl- in complex at (-51.59, 31.47, -30.32).
0: Placed Na+ in complex at (29.45, -13.62, 41.33).
Placed Cl- in complex at (-18.50, -55.17, -12.02).
0: Placed Na+ in complex at (19.33, 29.42, -32.87).
Placed Cl- in complex at (10.37, -52.46, 37.02).
0: Placed Na+ in complex at (51.89, -14.67, 25.68).
Placed Cl- in complex at (-45.94, 25.98, 6.32).
0: Placed Na+ in complex at (-4.67, 61.96, 4.34).
Placed Cl- in complex at (3.43, -46.82, -39.53).
0: Placed Na+ in complex at (35.28, 54.11, 6.02).
Placed Cl- in complex at (-57.53, 34.06, 29.66).
0: Placed Na+ in complex at (-41.44, -25.87, -32.61).
Placed Cl- in complex at (26.73, 42.18, -8.34).
0: Placed Na+ in complex at (-39.65, 28.97, -47.70).
Placed Cl- in complex at (-31.87, 11.86, -22.95).
0: Placed Na+ in complex at (21.40, 31.65, 44.58).
Placed Cl- in complex at (-41.24, 12.55, -29.85).
0: Placed Na+ in complex at (-24.43, -17.78, -1.65).
Placed Cl- in complex at (43.43, 22.94, -4.02).
0: Placed Na+ in complex at (8.82, -12.80, -56.75).
Placed Cl- in complex at (13.96, -38.57, 42.54).
0: Placed Na+ in complex at (-25.94, 27.76, -25.83).
Placed Cl- in complex at (-34.77, 13.57, -10.74).
0: Placed Na+ in complex at (26.66, 35.66, 22.01).
Placed Cl- in complex at (-30.63, 18.23, 43.38).
0: Placed Na+ in complex at (-19.04, -58.44, 1.25).
Placed Cl- in complex at (50.30, 6.52, -1.03).
0: Placed Na+ in complex at (16.87, 11.71, -46.73).
Placed Cl- in complex at (-36.34, -36.95, 35.97).
0: Placed Na+ in complex at (40.13, -4.23, 13.13).
Placed Cl- in complex at (22.33, 42.52, -22.95).
0: Placed Na+ in complex at (30.26, 59.56, 15.81).
Placed Cl- in complex at (-23.21, -8.89, -2.46).
0: Placed Na+ in complex at (-47.29, -14.03, 10.81).
Placed Cl- in complex at (15.48, -14.27, -63.75).
0: Placed Na+ in complex at (14.44, 38.72, 38.81).
Placed Cl- in complex at (-35.25, 27.37, 16.60).
0: Placed Na+ in complex at (-22.85, -38.37, 35.08).
Placed Cl- in complex at (-21.65, -56.71, -3.39).
0: Placed Na+ in complex at (17.86, -52.28, -17.13).
Placed Cl- in complex at (4.75, 37.80, 13.70).
0: Placed Na+ in complex at (-26.91, 44.74, 8.12).
Placed Cl- in complex at (18.08, -38.10, -31.76).
0: Placed Na+ in complex at (-45.71, -16.56, -6.32).
Placed Cl- in complex at (-40.01, -17.06, -16.88).
0: Placed Na+ in complex at (-55.53, 1.28, 43.61).
Placed Cl- in complex at (-46.09, -33.69, 0.03).
0: Placed Na+ in complex at (-14.32, 37.68, 4.33).
Placed Cl- in complex at (19.87, 25.85, 40.48).
0: Placed Na+ in complex at (23.56, 2.90, -9.73).
Placed Cl- in complex at (-0.69, 28.87, -19.22).
0: Placed Na+ in complex at (34.82, -45.71, -6.69).
Placed Cl- in complex at (23.65, 12.63, -44.00).
0: Placed Na+ in complex at (47.07, -9.36, -7.88).
Placed Cl- in complex at (56.58, 27.62, 33.86).
0: Placed Na+ in complex at (-31.71, 48.83, -18.45).
Placed Cl- in complex at (-10.24, 47.27, 37.38).
0: Placed Na+ in complex at (-20.31, -4.23, -61.41).
Placed Cl- in complex at (53.14, 11.88, -34.10).
0: Placed Na+ in complex at (-11.62, 35.66, -42.84).
Placed Cl- in complex at (-20.82, 32.91, -12.94).
0: Placed Na+ in complex at (-55.45, 26.12, 13.31).
Placed Cl- in complex at (-48.78, 30.28, 31.24).
0: Placed Na+ in complex at (35.13, 39.13, -17.04).
Placed Cl- in complex at (21.35, 62.13, 21.50).
0: Placed Na+ in complex at (-12.32, 37.67, 51.28).
Placed Cl- in complex at (-24.99, -51.08, -16.90).
0: Placed Na+ in complex at (20.62, 11.88, -34.10).
Placed Cl- in complex at (11.29, -60.05, 26.98).
0: Placed Na+ in complex at (-39.09, -23.44, -27.92).
Placed Cl- in complex at (-46.69, 26.40, -10.16).
0: Placed Na+ in complex at (23.65, -33.35, 35.65).
Placed Cl- in complex at (-25.61, 39.62, -29.02).
0: Placed Na+ in complex at (-43.09, 27.06, 45.49).
Placed Cl- in complex at (14.02, 36.80, -38.57).
0: Placed Na+ in complex at (27.29, -36.84, 14.39).
Placed Cl- in complex at (57.74, -36.33, -25.97).
0: Placed Na+ in complex at (-5.90, -26.71, 7.80).
Placed Cl- in complex at (-12.16, 15.91, 55.96).
0: Placed Na+ in complex at (1.48, 9.80, -65.52).
Placed Cl- in complex at (17.15, -42.91, -4.69).
0: Placed Na+ in complex at (-44.01, 41.80, -36.72).
Placed Cl- in complex at (-51.43, 23.45, 6.02).
0: Placed Na+ in complex at (-11.31, 8.86, -42.63).
Placed Cl- in complex at (33.72, -36.69, 10.48).
0: Placed Na+ in complex at (27.31, 39.32, 6.11).
Placed Cl- in complex at (-57.83, 14.14, -37.05).
0: Placed Na+ in complex at (-16.79, 54.53, -20.38).
Placed Cl- in complex at (-43.09, 6.10, -45.67).
0: Placed Na+ in complex at (20.65, 18.53, 11.11).
Placed Cl- in complex at (15.73, 31.54, -33.66).
0: Placed Na+ in complex at (16.83, -53.18, 32.83).
Placed Cl- in complex at (-10.71, 28.25, 53.33).
0: Placed Na+ in complex at (1.20, -13.69, 50.30).
Placed Cl- in complex at (-36.84, 19.38, -27.05).
0: Placed Na+ in complex at (49.87, 27.04, 12.77).
Placed Cl- in complex at (15.50, 18.47, 46.64).
0: Placed Na+ in complex at (30.22, -52.30, 0.12).
Placed Cl- in complex at (47.68, -27.08, -14.77).
0: Placed Na+ in complex at (-12.65, -20.14, 13.92).
Placed Cl- in complex at (-31.48, 24.39, -28.88).
0: Placed Na+ in complex at (-3.31, 25.56, -43.45).
Placed Cl- in complex at (-13.14, -35.77, -32.09).
0: Placed Na+ in complex at (-42.92, 4.31, 55.88).
Placed Cl- in complex at (-5.42, -0.38, 57.79).
0: Placed Na+ in complex at (23.51, 34.47, -6.95).
Placed Cl- in complex at (-19.75, -21.20, -50.53).
0: Placed Na+ in complex at (3.51, 47.21, 44.10).
Placed Cl- in complex at (-50.21, 19.54, 1.97).
0: Placed Na+ in complex at (8.23, 6.89, 51.50).
Placed Cl- in complex at (6.95, 59.80, -27.97).
0: Placed Na+ in complex at (-38.00, 0.63, -29.52).
Placed Cl- in complex at (-40.97, -18.36, 7.31).
0: Placed Na+ in complex at (53.02, -23.04, 8.52).
Placed Cl- in complex at (50.27, -37.02, 24.08).
0: Placed Na+ in complex at (49.52, -22.35, 44.16).
Placed Cl- in complex at (44.07, -20.60, -20.37).
0: Placed Na+ in complex at (-0.29, -0.32, -39.77).
Placed Cl- in complex at (-56.50, 7.49, 41.10).
0: Placed Na+ in complex at (21.35, 16.15, -31.60).
Placed Cl- in complex at (-33.77, -58.19, 0.04).
0: Placed Na+ in complex at (-18.44, 23.14, -31.53).
Placed Cl- in complex at (10.37, 39.52, 10.47).
0: Placed Na+ in complex at (19.38, -44.63, -39.71).
Placed Cl- in complex at (21.35, -52.84, -44.87).
0: Placed Na+ in complex at (-38.90, -6.77, 1.59).
Placed Cl- in complex at (59.88, 41.00, 23.49).
0: Placed Na+ in complex at (42.04, 0.58, 2.86).
Placed Cl- in complex at (46.63, -41.78, 16.04).
0: Placed Na+ in complex at (13.96, 45.15, 4.51).
Placed Cl- in complex at (-35.83, 51.48, -3.53).
0: Placed Na+ in complex at (2.95, 46.86, -43.97).
Placed Cl- in complex at (29.56, 1.26, 40.96).
0: Placed Na+ in complex at (29.46, 29.66, -20.18).
Placed Cl- in complex at (45.57, -13.53, 46.87).
0: Placed Na+ in complex at (21.80, 5.25, -13.05).
Placed Cl- in complex at (-33.57, 4.21, 5.73).
0: Placed Na+ in complex at (-57.30, -21.56, -27.77).
Placed Cl- in complex at (-44.74, -35.89, 23.64).
0: Placed Na+ in complex at (49.67, 3.07, 21.86).
Placed Cl- in complex at (38.52, -38.65, -3.36).
0: Placed Na+ in complex at (27.37, 41.00, -3.06).
Placed Cl- in complex at (56.74, -3.95, -7.16).
0: Placed Na+ in complex at (-18.44, -22.84, 48.12).
Placed Cl- in complex at (39.47, -9.18, 38.41).
0: Placed Na+ in complex at (-59.23, 6.29, 28.58).
Placed Cl- in complex at (-25.15, -23.64, 30.88).
0: Placed Na+ in complex at (18.72, -14.07, -65.24).
Placed Cl- in complex at (-29.87, 12.82, -53.85).
0: Placed Na+ in complex at (-29.01, -44.77, -9.00).
Placed Cl- in complex at (-0.74, -31.04, -54.62).
0: Placed Na+ in complex at (51.94, 44.23, 15.81).
Placed Cl- in complex at (59.16, 20.00, 28.66).
0: Placed Na+ in complex at (39.62, 39.28, 4.78).
Placed Cl- in complex at (-3.89, -24.51, 38.41).
0: Placed Na+ in complex at (-54.71, -17.23, -18.58).
Placed Cl- in complex at (-12.01, 45.94, 21.80).
0: Placed Na+ in complex at (-4.32, -49.61, 12.77).
Placed Cl- in complex at (1.15, -30.64, -36.37).
0: Placed Na+ in complex at (7.21, -8.85, 29.33).
Placed Cl- in complex at (14.54, -33.79, -32.93).
0: Placed Na+ in complex at (-0.41, -55.78, -20.02).
Placed Cl- in complex at (-2.20, -46.08, 5.82).
0: Placed Na+ in complex at (-52.13, -11.54, -2.00).
Placed Cl- in complex at (26.64, 20.00, -24.44).
0: Placed Na+ in complex at (-5.79, -3.80, -34.89).
Placed Cl- in complex at (45.24, 10.57, -49.55).
0: Placed Na+ in complex at (-4.41, -10.52, 52.46).
Placed Cl- in complex at (11.01, 44.86, -9.56).
0: Placed Na+ in complex at (20.87, -35.26, -44.70).
Placed Cl- in complex at (42.79, 12.38, -19.39).
0: Placed Na+ in complex at (1.68, -63.98, 0.54).
Placed Cl- in complex at (-49.77, -38.02, -3.86).
0: Placed Na+ in complex at (-5.95, -22.12, -46.94).
Placed Cl- in complex at (-50.85, -9.39, -3.60).
0: Placed Na+ in complex at (58.65, 39.21, -24.96).
Placed Cl- in complex at (-55.98, 3.04, 21.92).
0: Placed Na+ in complex at (-58.46, -18.23, 27.28).
Placed Cl- in complex at (-8.89, -46.33, -21.18).
0: Placed Na+ in complex at (45.24, -12.43, 16.82).
Placed Cl- in complex at (41.10, -17.09, -10.74).
0: Placed Na+ in complex at (-11.50, 13.73, -38.90).
Placed Cl- in complex at (59.11, 3.03, -14.88).
0: Placed Na+ in complex at (-35.64, 36.01, 18.80).
Placed Cl- in complex at (-45.14, 41.37, 8.65).
0: Placed Na+ in complex at (-3.10, 55.09, 25.33).
Placed Cl- in complex at (-4.85, -14.86, -60.10).
0: Placed Na+ in complex at (-39.94, -54.07, -2.21).
Placed Cl- in complex at (27.10, 45.61, -21.86).
0: Placed Na+ in complex at (-40.41, 31.53, -17.42).
Placed Cl- in complex at (37.87, -7.04, 10.30).
0: Placed Na+ in complex at (-10.24, -67.70, -29.00).
Placed Cl- in complex at (-41.06, 7.94, -19.96).
0: Placed Na+ in complex at (-53.34, 32.91, 13.61).
Placed Cl- in complex at (-51.65, -42.27, -20.43).
0: Placed Na+ in complex at (-21.65, -62.82, -15.82).
Placed Cl- in complex at (-20.97, 2.39, -33.64).
0: Placed Na+ in complex at (-59.35, -35.65, 23.49).
Placed Cl- in complex at (-11.34, 53.85, -4.59).
0: Placed Na+ in complex at (6.43, 50.79, -0.64).
Placed Cl- in complex at (46.90, -28.67, 13.86).
0: Placed Na+ in complex at (55.81, -35.86, 2.31).
Placed Cl- in complex at (60.51, 18.40, 21.86).
0: Placed Na+ in complex at (-3.59, 0.23, 61.17).
Placed Cl- in complex at (-16.78, 9.76, -40.41).
0: Placed Na+ in complex at (-39.85, -37.10, 30.83).
Placed Cl- in complex at (43.07, -7.99, -53.05).
0: Placed Na+ in complex at (49.36, -46.32, 9.92).
Placed Cl- in complex at (29.78, -18.36, 53.13).
0: Placed Na+ in complex at (-40.59, -30.21, -7.26).
Placed Cl- in complex at (-20.87, -4.83, -58.28).
0: Placed Na+ in complex at (15.48, -14.27, 15.90).
Placed Cl- in complex at (-0.09, 42.96, 4.45).
0: Placed Na+ in complex at (22.49, 56.49, -5.18).
Placed Cl- in complex at (-55.64, -12.26, -17.20).
0: Placed Na+ in complex at (-10.82, -1.50, -68.92).
Placed Cl- in complex at (-13.14, -21.64, 26.67).
0: Placed Na+ in complex at (27.07, -35.90, -23.92).
Placed Cl- in complex at (27.03, 0.63, 50.13).
0: Placed Na+ in complex at (-44.67, -30.08, -23.69).
Placed Cl- in complex at (-10.19, 42.52, -49.50).
0: Placed Na+ in complex at (25.84, -14.64, -57.32).
Placed Cl- in complex at (33.33, -20.16, -58.28).
0: Placed Na+ in complex at (-24.99, -21.57, -40.84).
Placed Cl- in complex at (-31.71, 48.83, 34.65).
Checking Unit.
Building topology.
Building atom parameters.
Building bond parameters.
Building angle parameters.
Building proper torsion parameters.
Building improper torsion parameters.
 total 2628 improper torsions applied
Building H-Bond parameters.
Incorporating Non-Bonded adjustments.
Not Marking per-residue atom chain types.
Marking per-residue atom chain types.
  (Residues lacking connect0/connect1 - 
   these don't have chain types marked:

	res	total affected

	CVAL	1
	NMET	1
	PPO	1
	VRT	1
	WAT	38710
  )
 (no restraints)
	Quit

Exiting LEaP: Errors = 0; Warnings = 0; Notes = 0.
